--------------- Clean Started: 05/28/2023 17:54:59 Project: VariabeGain Mic, Configuration: ARM GCC 5.4-2016-q2-update Debug ---------------
Deleting file ".\CortexM0\ARM_GCC_541\Debug\main.o"
Deleting file ".\CortexM0\ARM_GCC_541\Debug\cyfitter_cfg.o"
Deleting file ".\CortexM0\ARM_GCC_541\Debug\cymetadata.o"
Deleting file ".\CortexM0\ARM_GCC_541\Debug\I2CM.o"
Deleting file ".\CortexM0\ARM_GCC_541\Debug\I2CM_I2C_INT.o"
Deleting file ".\CortexM0\ARM_GCC_541\Debug\I2CM_I2C.o"
Deleting file ".\CortexM0\ARM_GCC_541\Debug\I2CM_I2C_BOOT.o"
Deleting file ".\CortexM0\ARM_GCC_541\Debug\I2CM_I2C_MASTER.o"
Deleting file ".\CortexM0\ARM_GCC_541\Debug\I2CM_PM.o"
Deleting file ".\CortexM0\ARM_GCC_541\Debug\I2CM_BOOT.o"
Deleting file ".\CortexM0\ARM_GCC_541\Debug\UART.o"
Deleting file ".\CortexM0\ARM_GCC_541\Debug\UART_SPI_UART.o"
Deleting file ".\CortexM0\ARM_GCC_541\Debug\UART_SPI_UART_INT.o"
Deleting file ".\CortexM0\ARM_GCC_541\Debug\UART_PM.o"
Deleting file ".\CortexM0\ARM_GCC_541\Debug\UART_UART.o"
Deleting file ".\CortexM0\ARM_GCC_541\Debug\UART_BOOT.o"
Deleting file ".\CortexM0\ARM_GCC_541\Debug\UART_UART_BOOT.o"
Deleting file ".\CortexM0\ARM_GCC_541\Debug\I2CM_SCBCLK.o"
Deleting file ".\CortexM0\ARM_GCC_541\Debug\I2CM_sda.o"
Deleting file ".\CortexM0\ARM_GCC_541\Debug\I2CM_sda_PM.o"
Deleting file ".\CortexM0\ARM_GCC_541\Debug\I2CM_scl.o"
Deleting file ".\CortexM0\ARM_GCC_541\Debug\I2CM_scl_PM.o"
Deleting file ".\CortexM0\ARM_GCC_541\Debug\I2CM_SCB_IRQ.o"
Deleting file ".\CortexM0\ARM_GCC_541\Debug\UART_SCBCLK.o"
Deleting file ".\CortexM0\ARM_GCC_541\Debug\UART_tx.o"
Deleting file ".\CortexM0\ARM_GCC_541\Debug\UART_tx_PM.o"
Deleting file ".\CortexM0\ARM_GCC_541\Debug\UART_rx.o"
Deleting file ".\CortexM0\ARM_GCC_541\Debug\UART_rx_PM.o"
Deleting file ".\CortexM0\ARM_GCC_541\Debug\Cm0Start.o"
Deleting file ".\CortexM0\ARM_GCC_541\Debug\CyFlash.o"
Deleting file ".\CortexM0\ARM_GCC_541\Debug\CyLib.o"
Deleting file ".\CortexM0\ARM_GCC_541\Debug\cyPm.o"
Deleting file ".\CortexM0\ARM_GCC_541\Debug\cyutils.o"
Deleting file ".\CortexM0\ARM_GCC_541\Debug\CyBootAsmGnu.o"
Deleting file ".\CortexM0\ARM_GCC_541\Debug\CyDMA.o"
Deleting file ".\CortexM0\ARM_GCC_541\Debug\CyLFClk.o"
Deleting file ".\CortexM0\ARM_GCC_541\Debug\cy_em_eeprom.o"
Deleting file ".\CortexM0\ARM_GCC_541\Debug\CTRL.o"
Deleting file ".\CortexM0\ARM_GCC_541\Debug\CTRL_PM.o"
Deleting file ".\CortexM0\ARM_GCC_541\Debug\VariabeGain Mic.hex"
Deleting file ".\CortexM0\ARM_GCC_541\Debug\VariabeGain Mic.elf"
Deleting file ".\CortexM0\ARM_GCC_541\Debug\VariabeGain Mic.map"
Deleting file ".\VariabeGain Mic.cycdx"
Deleting file ".\VariabeGain Mic.svd"
Deleting file ".\VariabeGain Mic.rpt"
Deleting file ".\VariabeGain Mic_timing.html"
Deleting file ".\CortexM0\ARM_GCC_541\Debug\.deps\SOURCE_C__ARM_GCC_GENERIC.P"
Deleting file ".\CortexM0\ARM_GCC_541\Debug\.deps\SOURCE_ASM__ARM_GCC_GENERIC.P"
--------------- Clean Succeeded: 05/28/2023 17:54:59 ---------------
