--------------- Build Started: 03/09/2024 11:17:55 Project: VariabeGain Mic, Configuration: ARM GCC 5.4-2016-q2-update Debug ---------------
The code generation step is up to date.
arm-none-eabi-gcc.exe -mcpu=cortex-m0 -mthumb -I. -IGenerated_Source\PSoC4 -Wa,-alh=.\CortexM0\ARM_GCC_541\Debug/main.lst -g -D DEBUG -D CY_CORE_ID=0 -Wall -ffunction-sections -ffat-lto-objects -Og -c main.c -o .\CortexM0\ARM_GCC_541\Debug\main.o
In file included from main.c:2:0:
varmic.h: In function 'setGain':
varmic.h:60:33: warning: implicit declaration of function 'printf' [-Wimplicit-function-declaration]
                                 printf("VmM_NGain_1dB: %d.\n",(int)VmM_NGain_1dB);
                                 ^
varmic.h:60:33: warning: incompatible implicit declaration of built-in function 'printf'
varmic.h:60:33: note: include '<stdio.h>' or provide a declaration of 'printf'
main.c: In function 'main':
main.c:85:9: warning: unused variable 'cnt' [-Wunused-variable]
     int cnt = 0;
         ^
main.c:80:9: warning: unused variable 'i' [-Wunused-variable]
     int i;
         ^
main.c:77:20: warning: unused variable 'result' [-Wunused-variable]
     volatile int16 result[ARRSIZE];
                    ^
arm-none-eabi-ar.exe -rs ".\CortexM0\ARM_GCC_541\Debug\VariabeGain Mic.a" .\CortexM0\ARM_GCC_541\Debug\I2CM.o .\CortexM0\ARM_GCC_541\Debug\I2CM_I2C_INT.o .\CortexM0\ARM_GCC_541\Debug\I2CM_I2C.o .\CortexM0\ARM_GCC_541\Debug\I2CM_I2C_BOOT.o .\CortexM0\ARM_GCC_541\Debug\I2CM_I2C_MASTER.o .\CortexM0\ARM_GCC_541\Debug\I2CM_PM.o .\CortexM0\ARM_GCC_541\Debug\I2CM_BOOT.o .\CortexM0\ARM_GCC_541\Debug\UART.o .\CortexM0\ARM_GCC_541\Debug\UART_SPI_UART.o .\CortexM0\ARM_GCC_541\Debug\UART_SPI_UART_INT.o .\CortexM0\ARM_GCC_541\Debug\UART_PM.o .\CortexM0\ARM_GCC_541\Debug\UART_UART.o .\CortexM0\ARM_GCC_541\Debug\UART_BOOT.o .\CortexM0\ARM_GCC_541\Debug\UART_UART_BOOT.o .\CortexM0\ARM_GCC_541\Debug\I2CM_SCBCLK.o .\CortexM0\ARM_GCC_541\Debug\I2CM_sda.o .\CortexM0\ARM_GCC_541\Debug\I2CM_sda_PM.o .\CortexM0\ARM_GCC_541\Debug\I2CM_scl.o .\CortexM0\ARM_GCC_541\Debug\I2CM_scl_PM.o .\CortexM0\ARM_GCC_541\Debug\I2CM_SCB_IRQ.o .\CortexM0\ARM_GCC_541\Debug\UART_SCBCLK.o .\CortexM0\ARM_GCC_541\Debug\UART_tx.o .\CortexM0\ARM_GCC_541\Debug\UART_tx_PM.o .\CortexM0\ARM_GCC_541\Debug\UART_rx.o .\CortexM0\ARM_GCC_541\Debug\UART_rx_PM.o .\CortexM0\ARM_GCC_541\Debug\CyFlash.o .\CortexM0\ARM_GCC_541\Debug\CyLib.o .\CortexM0\ARM_GCC_541\Debug\cyPm.o .\CortexM0\ARM_GCC_541\Debug\cyutils.o .\CortexM0\ARM_GCC_541\Debug\CyDMA.o .\CortexM0\ARM_GCC_541\Debug\CyLFClk.o .\CortexM0\ARM_GCC_541\Debug\cy_em_eeprom.o .\CortexM0\ARM_GCC_541\Debug\CTRL.o .\CortexM0\ARM_GCC_541\Debug\CTRL_PM.o .\CortexM0\ARM_GCC_541\Debug\ADC_PIN.o .\CortexM0\ARM_GCC_541\Debug\ADC_PIN_PM.o .\CortexM0\ARM_GCC_541\Debug\ADC.o .\CortexM0\ARM_GCC_541\Debug\ADC_PM.o .\CortexM0\ARM_GCC_541\Debug\ADC_INT.o .\CortexM0\ARM_GCC_541\Debug\ADC_IRQ.o .\CortexM0\ARM_GCC_541\Debug\ADC_intClock.o .\CortexM0\ARM_GCC_541\Debug\S3.o .\CortexM0\ARM_GCC_541\Debug\S3_PM.o .\CortexM0\ARM_GCC_541\Debug\S2.o .\CortexM0\ARM_GCC_541\Debug\S2_PM.o .\CortexM0\ARM_GCC_541\Debug\S1.o .\CortexM0\ARM_GCC_541\Debug\S1_PM.o .\CortexM0\ARM_GCC_541\Debug\S0.o .\CortexM0\ARM_GCC_541\Debug\S0_PM.o .\CortexM0\ARM_GCC_541\Debug\CyBootAsmGnu.o
arm-none-eabi-ar.exe: creating .\CortexM0\ARM_GCC_541\Debug\VariabeGain Mic.a
arm-none-eabi-gcc.exe -Wl,--start-group -o "C:\Users\Prajwal Trachealth\Documents\PSoC Creator\E-Lagori PSoC 11th April 2023\VariabeGain Mic.cydsn\CortexM0\ARM_GCC_541\Debug\VariabeGain Mic.elf" .\CortexM0\ARM_GCC_541\Debug\main.o .\CortexM0\ARM_GCC_541\Debug\cyfitter_cfg.o .\CortexM0\ARM_GCC_541\Debug\cymetadata.o .\CortexM0\ARM_GCC_541\Debug\Cm0Start.o ".\CortexM0\ARM_GCC_541\Debug\VariabeGain Mic.a" -mcpu=cortex-m0 -mthumb -l "\"m\"" -L Generated_Source\PSoC4 "-Wl,-Map,.\CortexM0\ARM_GCC_541\Debug/VariabeGain Mic.map" -T Generated_Source\PSoC4\cm0gcc.ld -specs=nano.specs -Wl,--gc-sections -g -ffunction-sections -Og -ffat-lto-objects -Wl,--end-group
cyelftool.exe -C "C:\Users\Prajwal Trachealth\Documents\PSoC Creator\E-Lagori PSoC 11th April 2023\VariabeGain Mic.cydsn\CortexM0\ARM_GCC_541\Debug\VariabeGain Mic.elf" --flash_row_size 128 --flash_size 131072 --flash_offset 0x00000000
No ELF section .cychecksum found, creating one
Application checksum calculated and stored in ELF section .cychecksum
Checksum calculated and stored in ELF section .cymeta
cyelftool.exe -S "C:\Users\Prajwal Trachealth\Documents\PSoC Creator\E-Lagori PSoC 11th April 2023\VariabeGain Mic.cydsn\CortexM0\ARM_GCC_541\Debug\VariabeGain Mic.elf"
Flash used: 29704 of 131072 bytes (22.7%).
SRAM used: 3168 of 16384 bytes (19.3%). Stack: 2048 bytes. Heap: 512 bytes.
--------------- Build Succeeded: 03/09/2024 11:17:57 ---------------
